{"contracts/SuperAuction.sol":{"l":{"66":60,"67":58,"68":56,"69":54,"70":52,"71":50,"73":48,"74":48,"75":48,"76":48,"77":48,"78":48,"79":48,"81":48,"87":48,"88":0,"90":48,"98":10,"105":528,"106":356,"109":51,"110":51,"111":51,"136":354,"141":352,"142":350,"143":350,"144":350,"145":348,"146":348,"147":210,"148":210,"150":138,"152":348,"153":348,"154":348,"156":2,"174":21,"175":21,"176":21,"181":21,"182":21,"183":17,"184":17,"185":17,"186":14,"187":14,"188":12,"189":12,"190":12,"191":12,"192":12,"194":15,"195":15,"197":4,"214":147,"215":147,"216":147,"217":78,"218":78,"220":36,"222":36,"223":24,"225":24,"227":24,"228":24,"229":36,"230":36,"231":18,"232":18,"233":18,"235":18,"237":18,"241":18,"242":18,"243":18,"245":42,"246":42,"250":69,"251":42,"252":42,"253":42,"257":69,"258":48,"259":48,"260":48,"279":666,"299":378,"300":378,"301":378,"303":0,"304":0,"315":311,"316":311,"317":311,"318":311,"326":51,"327":51,"328":51,"329":51,"337":23,"338":19,"339":9,"340":9,"341":9,"348":20,"349":12,"357":2,"364":2,"365":1,"388":222,"416":246,"417":246,"418":246,"419":135,"454":354,"455":354,"456":354,"473":23,"491":147,"492":147,"493":147,"494":147,"499":528,"503":528,"509":737,"510":731,"514":528,"515":528,"519":381,"520":381,"521":381},"path":"/Users/logic/ethereum/superfluid/SuperAuction/contracts/SuperAuction.sol","s":{"1":60,"2":58,"3":56,"4":54,"5":52,"6":50,"7":48,"8":48,"9":48,"10":48,"11":48,"12":48,"13":48,"14":48,"15":48,"16":0,"17":48,"18":10,"19":528,"20":356,"21":51,"22":51,"23":51,"24":354,"25":352,"26":350,"27":350,"28":350,"29":348,"30":348,"31":210,"32":210,"33":138,"34":348,"35":348,"36":348,"37":2,"38":21,"39":21,"40":21,"41":21,"42":21,"43":17,"44":17,"45":17,"46":14,"47":14,"48":12,"49":12,"50":12,"51":12,"52":12,"53":15,"54":15,"55":4,"56":147,"57":147,"58":147,"59":78,"60":78,"61":36,"62":36,"63":24,"64":24,"65":24,"66":36,"67":36,"68":18,"69":18,"70":18,"71":18,"72":18,"73":42,"74":42,"75":69,"76":42,"77":42,"78":42,"79":69,"80":48,"81":48,"82":666,"83":378,"84":378,"85":378,"86":0,"87":0,"88":311,"89":311,"90":311,"91":311,"92":51,"93":51,"94":51,"95":51,"96":23,"97":19,"98":9,"99":9,"100":9,"101":20,"102":12,"103":2,"104":2,"105":1,"106":222,"107":246,"108":246,"109":246,"110":135,"111":354,"112":354,"113":354,"114":23,"115":147,"116":147,"117":147,"118":147,"119":528,"120":528,"121":737,"122":528,"123":381,"124":381},"b":{"1":[58,2],"2":[56,2],"3":[54,2],"4":[52,2],"5":[50,2],"6":[48,2],"7":[0,48],"8":[356,172],"9":[51,305],"10":[352,2],"11":[350,2],"12":[348,2],"13":[210,138],"14":[21,0],"15":[17,4],"16":[14,3],"17":[12,2],"18":[78,69],"19":[36,42],"20":[24,12],"21":[18,18],"22":[42,27],"23":[48,21],"24":[378,0],"25":[51,0],"26":[19,4],"27":[9,10],"28":[9,0],"29":[12,8],"30":[1,1],"31":[135,111],"32":[147,0],"33":[731,6],"34":[528,0],"35":[381,0],"36":[381,0]},"f":{"1":60,"2":10,"3":528,"4":354,"5":21,"6":147,"7":666,"8":378,"9":311,"10":51,"11":23,"12":20,"13":2,"14":2,"15":222,"16":246,"17":354,"18":23,"19":147,"20":528,"21":528,"22":737,"23":528,"24":381},"fnMap":{"1":{"name":"constructor","line":56,"loc":{"start":{"line":56,"column":4},"end":{"line":92,"column":4}}},"2":{"name":"finishAuction","line":97,"loc":{"start":{"line":97,"column":4},"end":{"line":99,"column":4}}},"3":{"name":"_endAuction","line":104,"loc":{"start":{"line":104,"column":4},"end":{"line":114,"column":4}}},"4":{"name":"_newPlayer","line":133,"loc":{"start":{"line":127,"column":4},"end":{"line":158,"column":4}}},"5":{"name":"_updatePlayer","line":171,"loc":{"start":{"line":166,"column":4},"end":{"line":199,"column":4}}},"6":{"name":"_dropPlayer","line":207,"loc":{"start":{"line":207,"column":4},"end":{"line":263,"column":4}}},"7":{"name":"_getFlowInfo","line":271,"loc":{"start":{"line":271,"column":4},"end":{"line":280,"column":4}}},"8":{"name":"getSettledInfo","line":288,"loc":{"start":{"line":288,"column":4},"end":{"line":306,"column":4}}},"9":{"name":"_settleWinnerAccount","line":312,"loc":{"start":{"line":312,"column":4},"end":{"line":319,"column":4}}},"10":{"name":"_withdrawNonWinnerPlayer","line":325,"loc":{"start":{"line":325,"column":4},"end":{"line":331,"column":4}}},"11":{"name":"withdrawNonWinner","line":336,"loc":{"start":{"line":336,"column":4},"end":{"line":342,"column":4}}},"12":{"name":"withdraw","line":347,"loc":{"start":{"line":347,"column":4},"end":{"line":354,"column":4}}},"13":{"name":"withdrawAmount","line":356,"loc":{"start":{"line":356,"column":4},"end":{"line":358,"column":4}}},"14":{"name":"stopAuction","line":363,"loc":{"start":{"line":363,"column":4},"end":{"line":367,"column":4}}},"15":{"name":"_startStream","line":380,"loc":{"start":{"line":380,"column":4},"end":{"line":400,"column":4}}},"16":{"name":"_endStream","line":408,"loc":{"start":{"line":408,"column":4},"end":{"line":432,"column":4}}},"17":{"name":"afterAgreementCreated","line":451,"loc":{"start":{"line":439,"column":4},"end":{"line":457,"column":4}}},"18":{"name":"afterAgreementUpdated","line":470,"loc":{"start":{"line":459,"column":4},"end":{"line":477,"column":4}}},"19":{"name":"afterAgreementTerminated","line":489,"loc":{"start":{"line":479,"column":4},"end":{"line":496,"column":4}}},"20":{"name":"_isSameToken","line":498,"loc":{"start":{"line":498,"column":4},"end":{"line":500,"column":4}}},"21":{"name":"_isCFAv1","line":502,"loc":{"start":{"line":502,"column":4},"end":{"line":505,"column":4}}},"22":{"name":"isRunning","line":508,"loc":{"start":{"line":508,"column":4},"end":{"line":511,"column":4}}},"23":{"name":"onlyHost","line":513,"loc":{"start":{"line":513,"column":4},"end":{"line":516,"column":4}}},"24":{"name":"onlyExpected","line":518,"loc":{"start":{"line":518,"column":4},"end":{"line":522,"column":4}}}},"statementMap":{"1":{"start":{"line":66,"column":8},"end":{"line":66,"column":69}},"2":{"start":{"line":67,"column":8},"end":{"line":67,"column":67}},"3":{"start":{"line":68,"column":8},"end":{"line":68,"column":81}},"4":{"start":{"line":69,"column":8},"end":{"line":69,"column":67}},"5":{"start":{"line":70,"column":8},"end":{"line":70,"column":71}},"6":{"start":{"line":71,"column":8},"end":{"line":71,"column":74}},"7":{"start":{"line":73,"column":8},"end":{"line":73,"column":19}},"8":{"start":{"line":74,"column":8},"end":{"line":74,"column":17}},"9":{"start":{"line":75,"column":8},"end":{"line":75,"column":24}},"10":{"start":{"line":76,"column":8},"end":{"line":76,"column":25}},"11":{"start":{"line":77,"column":8},"end":{"line":77,"column":31}},"12":{"start":{"line":78,"column":8},"end":{"line":78,"column":30}},"13":{"start":{"line":79,"column":8},"end":{"line":79,"column":27}},"14":{"start":{"line":81,"column":8},"end":{"line":81,"column":2644}},"15":{"start":{"line":87,"column":8},"end":{"line":87,"column":2862}},"16":{"start":{"line":88,"column":12},"end":{"line":88,"column":64}},"17":{"start":{"line":90,"column":12},"end":{"line":90,"column":40}},"18":{"start":{"line":98,"column":8},"end":{"line":98,"column":20}},"19":{"start":{"line":105,"column":8},"end":{"line":105,"column":3340}},"20":{"start":{"line":106,"column":12},"end":{"line":106,"column":3396}},"21":{"start":{"line":109,"column":16},"end":{"line":109,"column":30}},"22":{"start":{"line":110,"column":16},"end":{"line":110,"column":35}},"23":{"start":{"line":111,"column":16},"end":{"line":111,"column":36}},"24":{"start":{"line":136,"column":8},"end":{"line":136,"column":4308}},"25":{"start":{"line":141,"column":8},"end":{"line":141,"column":82}},"26":{"start":{"line":142,"column":8},"end":{"line":142,"column":19}},"27":{"start":{"line":143,"column":8},"end":{"line":143,"column":20}},"28":{"start":{"line":144,"column":8},"end":{"line":144,"column":4666}},"29":{"start":{"line":145,"column":12},"end":{"line":145,"column":48}},"30":{"start":{"line":146,"column":12},"end":{"line":146,"column":4749}},"31":{"start":{"line":147,"column":16},"end":{"line":147,"column":37}},"32":{"start":{"line":148,"column":16},"end":{"line":148,"column":65}},"33":{"start":{"line":150,"column":16},"end":{"line":150,"column":41}},"34":{"start":{"line":152,"column":12},"end":{"line":152,"column":27}},"35":{"start":{"line":153,"column":12},"end":{"line":153,"column":36}},"36":{"start":{"line":154,"column":12},"end":{"line":154,"column":54}},"37":{"start":{"line":156,"column":12},"end":{"line":156,"column":45}},"38":{"start":{"line":174,"column":8},"end":{"line":174,"column":19}},"39":{"start":{"line":175,"column":8},"end":{"line":175,"column":65}},"40":{"start":{"line":176,"column":8},"end":{"line":176,"column":5658}},"41":{"start":{"line":181,"column":8},"end":{"line":181,"column":20}},"42":{"start":{"line":182,"column":8},"end":{"line":182,"column":5908}},"43":{"start":{"line":183,"column":12},"end":{"line":183,"column":38}},"44":{"start":{"line":184,"column":12},"end":{"line":184,"column":33}},"45":{"start":{"line":185,"column":12},"end":{"line":185,"column":6016}},"46":{"start":{"line":186,"column":16},"end":{"line":186,"column":94}},"47":{"start":{"line":187,"column":16},"end":{"line":187,"column":108}},"48":{"start":{"line":188,"column":16},"end":{"line":188,"column":82}},"49":{"start":{"line":189,"column":16},"end":{"line":189,"column":66}},"50":{"start":{"line":190,"column":16},"end":{"line":190,"column":71}},"51":{"start":{"line":191,"column":16},"end":{"line":191,"column":55}},"52":{"start":{"line":192,"column":16},"end":{"line":192,"column":31}},"53":{"start":{"line":194,"column":12},"end":{"line":194,"column":36}},"54":{"start":{"line":195,"column":12},"end":{"line":195,"column":54}},"55":{"start":{"line":197,"column":12},"end":{"line":197,"column":45}},"56":{"start":{"line":214,"column":8},"end":{"line":214,"column":19}},"57":{"start":{"line":215,"column":8},"end":{"line":215,"column":20}},"58":{"start":{"line":216,"column":8},"end":{"line":216,"column":7186}},"59":{"start":{"line":217,"column":12},"end":{"line":217,"column":36}},"60":{"start":{"line":218,"column":12},"end":{"line":218,"column":7256}},"61":{"start":{"line":220,"column":16},"end":{"line":220,"column":37}},"62":{"start":{"line":222,"column":16},"end":{"line":222,"column":7470}},"63":{"start":{"line":223,"column":20},"end":{"line":223,"column":62}},"64":{"start":{"line":227,"column":20},"end":{"line":227,"column":34}},"65":{"start":{"line":228,"column":20},"end":{"line":228,"column":7755}},"66":{"start":{"line":229,"column":24},"end":{"line":229,"column":71}},"67":{"start":{"line":230,"column":24},"end":{"line":230,"column":7885}},"68":{"start":{"line":231,"column":28},"end":{"line":231,"column":52}},"69":{"start":{"line":232,"column":28},"end":{"line":232,"column":40}},"70":{"start":{"line":233,"column":28},"end":{"line":233,"column":64}},"71":{"start":{"line":235,"column":28},"end":{"line":235,"column":74}},"72":{"start":{"line":237,"column":24},"end":{"line":237,"column":55}},"73":{"start":{"line":245,"column":20},"end":{"line":245,"column":70}},"74":{"start":{"line":246,"column":20},"end":{"line":246,"column":71}},"75":{"start":{"line":250,"column":12},"end":{"line":250,"column":8694}},"76":{"start":{"line":251,"column":16},"end":{"line":251,"column":66}},"77":{"start":{"line":252,"column":16},"end":{"line":252,"column":66}},"78":{"start":{"line":253,"column":16},"end":{"line":253,"column":48}},"79":{"start":{"line":257,"column":12},"end":{"line":257,"column":9003}},"80":{"start":{"line":258,"column":16},"end":{"line":258,"column":37}},"81":{"start":{"line":259,"column":16},"end":{"line":259,"column":65}},"82":{"start":{"line":279,"column":8},"end":{"line":279,"column":78}},"83":{"start":{"line":299,"column":8},"end":{"line":299,"column":10053}},"84":{"start":{"line":300,"column":12},"end":{"line":300,"column":62}},"85":{"start":{"line":301,"column":12},"end":{"line":301,"column":71}},"86":{"start":{"line":303,"column":12},"end":{"line":303,"column":61}},"87":{"start":{"line":304,"column":12},"end":{"line":304,"column":60}},"88":{"start":{"line":315,"column":8},"end":{"line":315,"column":81}},"89":{"start":{"line":316,"column":8},"end":{"line":316,"column":93}},"90":{"start":{"line":317,"column":8},"end":{"line":317,"column":93}},"91":{"start":{"line":318,"column":8},"end":{"line":318,"column":33}},"92":{"start":{"line":326,"column":8},"end":{"line":326,"column":65}},"93":{"start":{"line":327,"column":8},"end":{"line":327,"column":44}},"94":{"start":{"line":328,"column":8},"end":{"line":328,"column":11246}},"95":{"start":{"line":329,"column":12},"end":{"line":329,"column":74}},"96":{"start":{"line":337,"column":8},"end":{"line":337,"column":69}},"97":{"start":{"line":338,"column":8},"end":{"line":338,"column":50}},"98":{"start":{"line":339,"column":8},"end":{"line":339,"column":68}},"99":{"start":{"line":340,"column":8},"end":{"line":340,"column":70}},"100":{"start":{"line":341,"column":8},"end":{"line":341,"column":43}},"101":{"start":{"line":348,"column":8},"end":{"line":348,"column":50}},"102":{"start":{"line":349,"column":8},"end":{"line":349,"column":11999}},"103":{"start":{"line":357,"column":8},"end":{"line":357,"column":71}},"104":{"start":{"line":364,"column":8},"end":{"line":364,"column":12434}},"105":{"start":{"line":365,"column":12},"end":{"line":365,"column":26}},"106":{"start":{"line":388,"column":8},"end":{"line":388,"column":13153}},"107":{"start":{"line":416,"column":8},"end":{"line":416,"column":19}},"108":{"start":{"line":417,"column":8},"end":{"line":417,"column":59}},"109":{"start":{"line":418,"column":8},"end":{"line":418,"column":13972}},"110":{"start":{"line":419,"column":12},"end":{"line":419,"column":14014}},"111":{"start":{"line":454,"column":8},"end":{"line":454,"column":56}},"112":{"start":{"line":455,"column":8},"end":{"line":455,"column":65}},"113":{"start":{"line":456,"column":8},"end":{"line":456,"column":49}},"114":{"start":{"line":473,"column":8},"end":{"line":473,"column":15610}},"115":{"start":{"line":491,"column":8},"end":{"line":491,"column":19}},"116":{"start":{"line":492,"column":8},"end":{"line":492,"column":16056}},"117":{"start":{"line":493,"column":12},"end":{"line":493,"column":94}},"118":{"start":{"line":494,"column":12},"end":{"line":494,"column":81}},"119":{"start":{"line":499,"column":8},"end":{"line":499,"column":58}},"120":{"start":{"line":503,"column":8},"end":{"line":503,"column":16617}},"121":{"start":{"line":509,"column":8},"end":{"line":509,"column":49}},"122":{"start":{"line":514,"column":8},"end":{"line":514,"column":78}},"123":{"start":{"line":519,"column":8},"end":{"line":519,"column":71}},"124":{"start":{"line":520,"column":8},"end":{"line":520,"column":73}}},"branchMap":{"1":{"line":66,"type":"if","locations":[{"start":{"line":66,"column":8},"end":{"line":66,"column":8}},{"start":{"line":66,"column":8},"end":{"line":66,"column":8}}]},"2":{"line":67,"type":"if","locations":[{"start":{"line":67,"column":8},"end":{"line":67,"column":8}},{"start":{"line":67,"column":8},"end":{"line":67,"column":8}}]},"3":{"line":68,"type":"if","locations":[{"start":{"line":68,"column":8},"end":{"line":68,"column":8}},{"start":{"line":68,"column":8},"end":{"line":68,"column":8}}]},"4":{"line":69,"type":"if","locations":[{"start":{"line":69,"column":8},"end":{"line":69,"column":8}},{"start":{"line":69,"column":8},"end":{"line":69,"column":8}}]},"5":{"line":70,"type":"if","locations":[{"start":{"line":70,"column":8},"end":{"line":70,"column":8}},{"start":{"line":70,"column":8},"end":{"line":70,"column":8}}]},"6":{"line":71,"type":"if","locations":[{"start":{"line":71,"column":8},"end":{"line":71,"column":8}},{"start":{"line":71,"column":8},"end":{"line":71,"column":8}}]},"7":{"line":87,"type":"if","locations":[{"start":{"line":87,"column":8},"end":{"line":87,"column":8}},{"start":{"line":87,"column":8},"end":{"line":87,"column":8}}]},"8":{"line":105,"type":"if","locations":[{"start":{"line":105,"column":8},"end":{"line":105,"column":8}},{"start":{"line":105,"column":8},"end":{"line":105,"column":8}}]},"9":{"line":106,"type":"if","locations":[{"start":{"line":106,"column":12},"end":{"line":106,"column":12}},{"start":{"line":106,"column":12},"end":{"line":106,"column":12}}]},"10":{"line":136,"type":"if","locations":[{"start":{"line":136,"column":8},"end":{"line":136,"column":8}},{"start":{"line":136,"column":8},"end":{"line":136,"column":8}}]},"11":{"line":141,"type":"if","locations":[{"start":{"line":141,"column":8},"end":{"line":141,"column":8}},{"start":{"line":141,"column":8},"end":{"line":141,"column":8}}]},"12":{"line":144,"type":"if","locations":[{"start":{"line":144,"column":8},"end":{"line":144,"column":8}},{"start":{"line":144,"column":8},"end":{"line":144,"column":8}}]},"13":{"line":146,"type":"if","locations":[{"start":{"line":146,"column":12},"end":{"line":146,"column":12}},{"start":{"line":146,"column":12},"end":{"line":146,"column":12}}]},"14":{"line":176,"type":"if","locations":[{"start":{"line":176,"column":8},"end":{"line":176,"column":8}},{"start":{"line":176,"column":8},"end":{"line":176,"column":8}}]},"15":{"line":182,"type":"if","locations":[{"start":{"line":182,"column":8},"end":{"line":182,"column":8}},{"start":{"line":182,"column":8},"end":{"line":182,"column":8}}]},"16":{"line":185,"type":"if","locations":[{"start":{"line":185,"column":12},"end":{"line":185,"column":12}},{"start":{"line":185,"column":12},"end":{"line":185,"column":12}}]},"17":{"line":187,"type":"if","locations":[{"start":{"line":187,"column":16},"end":{"line":187,"column":16}},{"start":{"line":187,"column":16},"end":{"line":187,"column":16}}]},"18":{"line":216,"type":"if","locations":[{"start":{"line":216,"column":8},"end":{"line":216,"column":8}},{"start":{"line":216,"column":8},"end":{"line":216,"column":8}}]},"19":{"line":218,"type":"if","locations":[{"start":{"line":218,"column":12},"end":{"line":218,"column":12}},{"start":{"line":218,"column":12},"end":{"line":218,"column":12}}]},"20":{"line":222,"type":"if","locations":[{"start":{"line":222,"column":16},"end":{"line":222,"column":16}},{"start":{"line":222,"column":16},"end":{"line":222,"column":16}}]},"21":{"line":230,"type":"if","locations":[{"start":{"line":230,"column":24},"end":{"line":230,"column":24}},{"start":{"line":230,"column":24},"end":{"line":230,"column":24}}]},"22":{"line":250,"type":"if","locations":[{"start":{"line":250,"column":12},"end":{"line":250,"column":12}},{"start":{"line":250,"column":12},"end":{"line":250,"column":12}}]},"23":{"line":257,"type":"if","locations":[{"start":{"line":257,"column":12},"end":{"line":257,"column":12}},{"start":{"line":257,"column":12},"end":{"line":257,"column":12}}]},"24":{"line":299,"type":"if","locations":[{"start":{"line":299,"column":8},"end":{"line":299,"column":8}},{"start":{"line":299,"column":8},"end":{"line":299,"column":8}}]},"25":{"line":328,"type":"if","locations":[{"start":{"line":328,"column":8},"end":{"line":328,"column":8}},{"start":{"line":328,"column":8},"end":{"line":328,"column":8}}]},"26":{"line":337,"type":"if","locations":[{"start":{"line":337,"column":8},"end":{"line":337,"column":8}},{"start":{"line":337,"column":8},"end":{"line":337,"column":8}}]},"27":{"line":338,"type":"if","locations":[{"start":{"line":338,"column":8},"end":{"line":338,"column":8}},{"start":{"line":338,"column":8},"end":{"line":338,"column":8}}]},"28":{"line":340,"type":"if","locations":[{"start":{"line":340,"column":8},"end":{"line":340,"column":8}},{"start":{"line":340,"column":8},"end":{"line":340,"column":8}}]},"29":{"line":348,"type":"if","locations":[{"start":{"line":348,"column":8},"end":{"line":348,"column":8}},{"start":{"line":348,"column":8},"end":{"line":348,"column":8}}]},"30":{"line":364,"type":"if","locations":[{"start":{"line":364,"column":8},"end":{"line":364,"column":8}},{"start":{"line":364,"column":8},"end":{"line":364,"column":8}}]},"31":{"line":418,"type":"if","locations":[{"start":{"line":418,"column":8},"end":{"line":418,"column":8}},{"start":{"line":418,"column":8},"end":{"line":418,"column":8}}]},"32":{"line":492,"type":"if","locations":[{"start":{"line":492,"column":8},"end":{"line":492,"column":8}},{"start":{"line":492,"column":8},"end":{"line":492,"column":8}}]},"33":{"line":509,"type":"if","locations":[{"start":{"line":509,"column":8},"end":{"line":509,"column":8}},{"start":{"line":509,"column":8},"end":{"line":509,"column":8}}]},"34":{"line":514,"type":"if","locations":[{"start":{"line":514,"column":8},"end":{"line":514,"column":8}},{"start":{"line":514,"column":8},"end":{"line":514,"column":8}}]},"35":{"line":519,"type":"if","locations":[{"start":{"line":519,"column":8},"end":{"line":519,"column":8}},{"start":{"line":519,"column":8},"end":{"line":519,"column":8}}]},"36":{"line":520,"type":"if","locations":[{"start":{"line":520,"column":8},"end":{"line":520,"column":8}},{"start":{"line":520,"column":8},"end":{"line":520,"column":8}}]}}}}