{
"contracts/SuperAuction.sol":{"l":{"61":3,"62":3,"63":3,"64":3,"66":3,"67":3,"68":3,"69":3,"71":3,"76":3,"80":0,"84":0,"85":0,"91":36,"95":0,"96":0,"97":0,"98":0,"99":0,"100":0,"101":0,"102":0,"106":0,"107":0,"108":0,"112":0,"113":0,"114":0,"118":0,"119":0,"120":0,"124":0,"125":0,"131":29,"132":27,"134":27,"135":27,"136":9,"138":18,"139":18,"142":27,"143":27,"151":0,"152":0,"153":0,"156":0,"158":0,"159":0,"160":0,"162":0,"163":0,"164":0,"180":0,"181":0,"184":0,"189":0,"190":0,"191":0,"193":0,"194":0,"195":0,"210":9,"211":9,"212":9,"213":9,"215":9,"216":9,"217":9,"219":9,"220":9,"221":9,"222":9,"223":9,"224":9,"225":9,"226":9,"227":9,"228":9,"231":9,"232":9,"233":9,"238":27,"260":0,"276":9,"277":9,"290":0,"312":174,"327":9,"328":9,"329":9,"331":0,"332":0,"333":0,"340":32,"341":0,"343":32,"344":32,"345":32,"346":32,"347":150,"348":118,"349":118,"350":118,"351":32,"353":86,"360":118,"361":118,"362":118,"363":118,"384":29,"385":29,"386":29,"404":9,"405":9,"406":9,"422":9,"423":9,"424":9,"439":0,"440":0,"441":0,"444":0,"448":9,"452":9,"458":47,"459":47,"463":9,"464":9,"465":9},"path":"/Users/logic/eth/SuperAuction/contracts/SuperAuction.sol","s":{"1":3,"2":3,"3":3,"4":3,"5":3,"6":3,"7":3,"8":3,"9":3,"10":3,"11":0,"12":0,"13":0,"14":36,"15":0,"16":0,"17":0,"18":0,"19":0,"20":0,"21":0,"22":0,"23":0,"24":0,"25":0,"26":0,"27":0,"28":0,"29":0,"30":0,"31":0,"32":0,"33":0,"34":29,"35":27,"36":27,"37":27,"38":9,"39":18,"40":18,"41":27,"42":27,"43":0,"44":0,"45":0,"46":0,"47":0,"48":0,"49":0,"50":0,"51":0,"52":0,"53":0,"54":0,"55":0,"56":0,"57":9,"58":9,"59":9,"60":9,"61":9,"62":9,"63":9,"64":9,"65":9,"66":9,"67":9,"68":9,"69":9,"70":9,"71":9,"72":9,"73":9,"74":9,"75":9,"76":9,"77":27,"78":0,"79":9,"80":9,"81":0,"82":174,"83":9,"84":9,"85":9,"86":0,"87":0,"88":0,"89":32,"90":0,"91":32,"92":32,"93":32,"94":32,"95":150,"96":118,"97":118,"98":32,"99":86,"100":118,"101":118,"102":118,"103":118,"104":29,"105":29,"106":29,"107":9,"108":9,"109":9,"110":9,"111":9,"112":9,"113":0,"114":0,"115":0,"116":0,"117":9,"118":9,"119":47,"120":9,"121":9},"b":{"1":[3,0],"2":[3,0],"3":[3,0],"4":[3,0],"5":[0,0],"6":[0,0],"7":[0,0],"8":[0,0],"9":[0,0],"10":[0,0],"11":[0,0],"12":[27,2],"13":[27,0],"14":[9,18],"15":[0,0],"16":[0,0],"17":[0,0],"18":[0,0],"19":[9,0],"20":[9,0],"21":[9,0],"22":[9,0],"23":[9,0],"24":[9,0],"25":[9,0],"26":[9,0],"27":[0,32],"28":[118,32],"29":[32,86],"30":[0,0],"31":[47,0],"32":[9,0],"33":[9,0]},"f":{"1":3,"2":0,"3":0,"4":36,"5":0,"6":0,"7":0,"8":0,"9":0,"10":29,"11":0,"12":9,"13":27,"14":0,"15":9,"16":174,"17":9,"18":32,"19":118,"20":29,"21":9,"22":9,"23":0,"24":9,"25":9,"26":47,"27":9},"fnMap":{"1":{"name":"constructor","line":55,"loc":{"start":{"line":55,"column":4},"end":{"line":77,"column":4}}},"2":{"name":"finishAuction","line":79,"loc":{"start":{"line":79,"column":4},"end":{"line":81,"column":4}}},"3":{"name":"_endAuction","line":83,"loc":{"start":{"line":83,"column":4},"end":{"line":88,"column":4}}},"4":{"name":"_isPlayer","line":90,"loc":{"start":{"line":90,"column":4},"end":{"line":92,"column":4}}},"5":{"name":"withdraw","line":94,"loc":{"start":{"line":94,"column":4},"end":{"line":103,"column":4}}},"6":{"name":"forceStopStream","line":105,"loc":{"start":{"line":105,"column":4},"end":{"line":109,"column":4}}},"7":{"name":"withdrawSettleBalance","line":111,"loc":{"start":{"line":111,"column":4},"end":{"line":115,"column":4}}},"8":{"name":"_withdrawSettleBalance","line":117,"loc":{"start":{"line":117,"column":4},"end":{"line":121,"column":4}}},"9":{"name":"transfer","line":123,"loc":{"start":{"line":123,"column":4},"end":{"line":126,"column":4}}},"10":{"name":"_newPlayer","line":130,"loc":{"start":{"line":130,"column":4},"end":{"line":146,"column":4}}},"11":{"name":"_dropPlayer","line":150,"loc":{"start":{"line":150,"column":4},"end":{"line":198,"column":4}}},"12":{"name":"_updatePlayer","line":201,"loc":{"start":{"line":201,"column":4},"end":{"line":234,"column":4}}},"13":{"name":"_startStream","line":237,"loc":{"start":{"line":237,"column":4},"end":{"line":250,"column":4}}},"14":{"name":"_updateStream","line":252,"loc":{"start":{"line":252,"column":4},"end":{"line":273,"column":4}}},"15":{"name":"_endStream","line":275,"loc":{"start":{"line":275,"column":4},"end":{"line":303,"column":4}}},"16":{"name":"_getFlowInfo","line":305,"loc":{"start":{"line":305,"column":4},"end":{"line":313,"column":4}}},"17":{"name":"getSettleInfo","line":315,"loc":{"start":{"line":315,"column":4},"end":{"line":335,"column":4}}},"18":{"name":"getBiddersAddresses","line":338,"loc":{"start":{"line":338,"column":4},"end":{"line":356,"column":4}}},"19":{"name":"_getViewBidder","line":359,"loc":{"start":{"line":359,"column":4},"end":{"line":365,"column":4}}},"20":{"name":"afterAgreementCreated","line":381,"loc":{"start":{"line":371,"column":4},"end":{"line":387,"column":4}}},"21":{"name":"beforeAgreementUpdated","line":401,"loc":{"start":{"line":390,"column":4},"end":{"line":407,"column":4}}},"22":{"name":"afterAgreementUpdated","line":419,"loc":{"start":{"line":409,"column":4},"end":{"line":425,"column":4}}},"23":{"name":"afterAgreementTerminated","line":437,"loc":{"start":{"line":427,"column":4},"end":{"line":445,"column":4}}},"24":{"name":"_isSameToken","line":447,"loc":{"start":{"line":447,"column":4},"end":{"line":449,"column":4}}},"25":{"name":"_isCFAv1","line":451,"loc":{"start":{"line":451,"column":4},"end":{"line":454,"column":4}}},"26":{"name":"onlyHost","line":457,"loc":{"start":{"line":457,"column":4},"end":{"line":460,"column":4}}},"27":{"name":"onlyExpected","line":462,"loc":{"start":{"line":462,"column":4},"end":{"line":466,"column":4}}}},"statementMap":{"1":{"start":{"line":61,"column":8},"end":{"line":61,"column":69}},"2":{"start":{"line":62,"column":8},"end":{"line":62,"column":67}},"3":{"start":{"line":63,"column":8},"end":{"line":63,"column":81}},"4":{"start":{"line":64,"column":8},"end":{"line":64,"column":71}},"5":{"start":{"line":66,"column":8},"end":{"line":66,"column":19}},"6":{"start":{"line":67,"column":8},"end":{"line":67,"column":17}},"7":{"start":{"line":68,"column":8},"end":{"line":68,"column":31}},"8":{"start":{"line":69,"column":8},"end":{"line":69,"column":30}},"9":{"start":{"line":71,"column":8},"end":{"line":71,"column":2108}},"10":{"start":{"line":76,"column":8},"end":{"line":76,"column":36}},"11":{"start":{"line":80,"column":8},"end":{"line":80,"column":20}},"12":{"start":{"line":84,"column":8},"end":{"line":84,"column":2414}},"13":{"start":{"line":85,"column":12},"end":{"line":85,"column":24}},"14":{"start":{"line":91,"column":8},"end":{"line":91,"column":52}},"15":{"start":{"line":95,"column":8},"end":{"line":95,"column":45}},"16":{"start":{"line":96,"column":8},"end":{"line":96,"column":66}},"17":{"start":{"line":97,"column":8},"end":{"line":97,"column":64}},"18":{"start":{"line":98,"column":8},"end":{"line":98,"column":64}},"19":{"start":{"line":99,"column":8},"end":{"line":99,"column":43}},"20":{"start":{"line":100,"column":8},"end":{"line":100,"column":113}},"21":{"start":{"line":101,"column":8},"end":{"line":101,"column":44}},"22":{"start":{"line":102,"column":8},"end":{"line":102,"column":42}},"23":{"start":{"line":106,"column":8},"end":{"line":106,"column":20}},"24":{"start":{"line":107,"column":8},"end":{"line":107,"column":45}},"25":{"start":{"line":108,"column":8},"end":{"line":108,"column":44}},"26":{"start":{"line":112,"column":8},"end":{"line":112,"column":45}},"27":{"start":{"line":113,"column":8},"end":{"line":113,"column":78}},"28":{"start":{"line":114,"column":8},"end":{"line":114,"column":41}},"29":{"start":{"line":118,"column":8},"end":{"line":118,"column":65}},"30":{"start":{"line":119,"column":8},"end":{"line":119,"column":44}},"31":{"start":{"line":120,"column":8},"end":{"line":120,"column":39}},"32":{"start":{"line":124,"column":8},"end":{"line":124,"column":102}},"33":{"start":{"line":125,"column":8},"end":{"line":125,"column":39}},"34":{"start":{"line":131,"column":8},"end":{"line":131,"column":76}},"35":{"start":{"line":132,"column":8},"end":{"line":132,"column":74}},"36":{"start":{"line":134,"column":8},"end":{"line":134,"column":19}},"37":{"start":{"line":135,"column":8},"end":{"line":135,"column":4435}},"38":{"start":{"line":136,"column":12},"end":{"line":136,"column":54}},"39":{"start":{"line":138,"column":12},"end":{"line":138,"column":50}},"40":{"start":{"line":139,"column":12},"end":{"line":139,"column":61}},"41":{"start":{"line":142,"column":8},"end":{"line":142,"column":23}},"42":{"start":{"line":143,"column":8},"end":{"line":143,"column":32}},"43":{"start":{"line":151,"column":8},"end":{"line":151,"column":19}},"44":{"start":{"line":152,"column":8},"end":{"line":152,"column":20}},"45":{"start":{"line":153,"column":8},"end":{"line":153,"column":4929}},"46":{"start":{"line":156,"column":12},"end":{"line":156,"column":5020}},"47":{"start":{"line":158,"column":16},"end":{"line":158,"column":5065}},"48":{"start":{"line":162,"column":20},"end":{"line":162,"column":45}},"49":{"start":{"line":163,"column":20},"end":{"line":163,"column":34}},"50":{"start":{"line":184,"column":16},"end":{"line":184,"column":63}},"51":{"start":{"line":189,"column":12},"end":{"line":189,"column":6216}},"52":{"start":{"line":190,"column":16},"end":{"line":190,"column":63}},"53":{"start":{"line":191,"column":16},"end":{"line":191,"column":46}},"54":{"start":{"line":193,"column":16},"end":{"line":193,"column":95}},"55":{"start":{"line":194,"column":16},"end":{"line":194,"column":98}},"56":{"start":{"line":195,"column":16},"end":{"line":195,"column":101}},"57":{"start":{"line":210,"column":8},"end":{"line":210,"column":55}},"58":{"start":{"line":211,"column":8},"end":{"line":211,"column":69}},"59":{"start":{"line":212,"column":8},"end":{"line":212,"column":50}},"60":{"start":{"line":213,"column":8},"end":{"line":213,"column":76}},"61":{"start":{"line":215,"column":8},"end":{"line":215,"column":19}},"62":{"start":{"line":216,"column":8},"end":{"line":216,"column":34}},"63":{"start":{"line":217,"column":8},"end":{"line":217,"column":111}},"64":{"start":{"line":219,"column":8},"end":{"line":219,"column":7367}},"65":{"start":{"line":220,"column":12},"end":{"line":220,"column":103}},"66":{"start":{"line":221,"column":12},"end":{"line":221,"column":90}},"67":{"start":{"line":222,"column":12},"end":{"line":222,"column":104}},"68":{"start":{"line":223,"column":12},"end":{"line":223,"column":78}},"69":{"start":{"line":224,"column":12},"end":{"line":224,"column":59}},"70":{"start":{"line":225,"column":12},"end":{"line":225,"column":57}},"71":{"start":{"line":226,"column":12},"end":{"line":226,"column":62}},"72":{"start":{"line":227,"column":12},"end":{"line":227,"column":51}},"73":{"start":{"line":228,"column":12},"end":{"line":228,"column":27}},"74":{"start":{"line":231,"column":8},"end":{"line":231,"column":99}},"75":{"start":{"line":232,"column":8},"end":{"line":232,"column":99}},"76":{"start":{"line":233,"column":8},"end":{"line":233,"column":32}},"77":{"start":{"line":238,"column":8},"end":{"line":238,"column":8455}},"78":{"start":{"line":260,"column":8},"end":{"line":260,"column":8940}},"79":{"start":{"line":276,"column":8},"end":{"line":276,"column":9412}},"80":{"start":{"line":277,"column":12},"end":{"line":277,"column":9449}},"81":{"start":{"line":290,"column":12},"end":{"line":290,"column":9831}},"82":{"start":{"line":312,"column":8},"end":{"line":312,"column":83}},"83":{"start":{"line":327,"column":8},"end":{"line":327,"column":10609}},"84":{"start":{"line":328,"column":12},"end":{"line":328,"column":64}},"85":{"start":{"line":329,"column":12},"end":{"line":329,"column":68}},"86":{"start":{"line":331,"column":12},"end":{"line":331,"column":71}},"87":{"start":{"line":332,"column":12},"end":{"line":332,"column":61}},"88":{"start":{"line":333,"column":12},"end":{"line":333,"column":65}},"89":{"start":{"line":340,"column":8},"end":{"line":340,"column":11231}},"90":{"start":{"line":341,"column":12},"end":{"line":341,"column":22}},"91":{"start":{"line":343,"column":8},"end":{"line":343,"column":32}},"92":{"start":{"line":344,"column":8},"end":{"line":344,"column":17}},"93":{"start":{"line":345,"column":8},"end":{"line":345,"column":38}},"94":{"start":{"line":346,"column":8},"end":{"line":346,"column":11394}},"95":{"start":{"line":347,"column":12},"end":{"line":347,"column":11447}},"96":{"start":{"line":349,"column":16},"end":{"line":349,"column":53}},"97":{"start":{"line":350,"column":16},"end":{"line":350,"column":11577}},"98":{"start":{"line":351,"column":20},"end":{"line":351,"column":30}},"99":{"start":{"line":353,"column":16},"end":{"line":353,"column":47}},"100":{"start":{"line":360,"column":8},"end":{"line":360,"column":68}},"101":{"start":{"line":361,"column":8},"end":{"line":361,"column":76}},"102":{"start":{"line":362,"column":8},"end":{"line":362,"column":137}},"103":{"start":{"line":363,"column":8},"end":{"line":363,"column":65}},"104":{"start":{"line":384,"column":8},"end":{"line":384,"column":56}},"105":{"start":{"line":385,"column":8},"end":{"line":385,"column":50}},"106":{"start":{"line":386,"column":8},"end":{"line":386,"column":49}},"107":{"start":{"line":404,"column":8},"end":{"line":404,"column":56}},"108":{"start":{"line":405,"column":8},"end":{"line":405,"column":67}},"109":{"start":{"line":406,"column":8},"end":{"line":406,"column":47}},"110":{"start":{"line":422,"column":8},"end":{"line":422,"column":56}},"111":{"start":{"line":423,"column":8},"end":{"line":423,"column":88}},"112":{"start":{"line":424,"column":8},"end":{"line":424,"column":69}},"113":{"start":{"line":439,"column":8},"end":{"line":439,"column":14135}},"114":{"start":{"line":440,"column":12},"end":{"line":440,"column":60}},"115":{"start":{"line":441,"column":12},"end":{"line":441,"column":44}},"116":{"start":{"line":444,"column":8},"end":{"line":444,"column":18}},"117":{"start":{"line":448,"column":8},"end":{"line":448,"column":58}},"118":{"start":{"line":452,"column":8},"end":{"line":452,"column":14645}},"119":{"start":{"line":458,"column":8},"end":{"line":458,"column":78}},"120":{"start":{"line":463,"column":8},"end":{"line":463,"column":71}},"121":{"start":{"line":464,"column":8},"end":{"line":464,"column":73}}},"branchMap":{"1":{"line":61,"type":"if","locations":[{"start":{"line":61,"column":8},"end":{"line":61,"column":8}},{"start":{"line":61,"column":8},"end":{"line":61,"column":8}}]},"2":{"line":62,"type":"if","locations":[{"start":{"line":62,"column":8},"end":{"line":62,"column":8}},{"start":{"line":62,"column":8},"end":{"line":62,"column":8}}]},"3":{"line":63,"type":"if","locations":[{"start":{"line":63,"column":8},"end":{"line":63,"column":8}},{"start":{"line":63,"column":8},"end":{"line":63,"column":8}}]},"4":{"line":64,"type":"if","locations":[{"start":{"line":64,"column":8},"end":{"line":64,"column":8}},{"start":{"line":64,"column":8},"end":{"line":64,"column":8}}]},"5":{"line":84,"type":"if","locations":[{"start":{"line":84,"column":8},"end":{"line":84,"column":8}},{"start":{"line":84,"column":8},"end":{"line":84,"column":8}}]},"6":{"line":95,"type":"if","locations":[{"start":{"line":95,"column":8},"end":{"line":95,"column":8}},{"start":{"line":95,"column":8},"end":{"line":95,"column":8}}]},"7":{"line":97,"type":"if","locations":[{"start":{"line":97,"column":8},"end":{"line":97,"column":8}},{"start":{"line":97,"column":8},"end":{"line":97,"column":8}}]},"8":{"line":107,"type":"if","locations":[{"start":{"line":107,"column":8},"end":{"line":107,"column":8}},{"start":{"line":107,"column":8},"end":{"line":107,"column":8}}]},"9":{"line":112,"type":"if","locations":[{"start":{"line":112,"column":8},"end":{"line":112,"column":8}},{"start":{"line":112,"column":8},"end":{"line":112,"column":8}}]},"10":{"line":113,"type":"if","locations":[{"start":{"line":113,"column":8},"end":{"line":113,"column":8}},{"start":{"line":113,"column":8},"end":{"line":113,"column":8}}]},"11":{"line":124,"type":"if","locations":[{"start":{"line":124,"column":8},"end":{"line":124,"column":8}},{"start":{"line":124,"column":8},"end":{"line":124,"column":8}}]},"12":{"line":131,"type":"if","locations":[{"start":{"line":131,"column":8},"end":{"line":131,"column":8}},{"start":{"line":131,"column":8},"end":{"line":131,"column":8}}]},"13":{"line":132,"type":"if","locations":[{"start":{"line":132,"column":8},"end":{"line":132,"column":8}},{"start":{"line":132,"column":8},"end":{"line":132,"column":8}}]},"14":{"line":135,"type":"if","locations":[{"start":{"line":135,"column":8},"end":{"line":135,"column":8}},{"start":{"line":135,"column":8},"end":{"line":135,"column":8}}]},"15":{"line":153,"type":"if","locations":[{"start":{"line":153,"column":8},"end":{"line":153,"column":8}},{"start":{"line":153,"column":8},"end":{"line":153,"column":8}}]},"16":{"line":156,"type":"if","locations":[{"start":{"line":156,"column":12},"end":{"line":156,"column":12}},{"start":{"line":156,"column":12},"end":{"line":156,"column":12}}]},"17":{"line":158,"type":"if","locations":[{"start":{"line":158,"column":16},"end":{"line":158,"column":16}},{"start":{"line":158,"column":16},"end":{"line":158,"column":16}}]},"18":{"line":189,"type":"if","locations":[{"start":{"line":189,"column":12},"end":{"line":189,"column":12}},{"start":{"line":189,"column":12},"end":{"line":189,"column":12}}]},"19":{"line":210,"type":"if","locations":[{"start":{"line":210,"column":8},"end":{"line":210,"column":8}},{"start":{"line":210,"column":8},"end":{"line":210,"column":8}}]},"20":{"line":211,"type":"if","locations":[{"start":{"line":211,"column":8},"end":{"line":211,"column":8}},{"start":{"line":211,"column":8},"end":{"line":211,"column":8}}]},"21":{"line":213,"type":"if","locations":[{"start":{"line":213,"column":8},"end":{"line":213,"column":8}},{"start":{"line":213,"column":8},"end":{"line":213,"column":8}}]},"22":{"line":219,"type":"if","locations":[{"start":{"line":219,"column":8},"end":{"line":219,"column":8}},{"start":{"line":219,"column":8},"end":{"line":219,"column":8}}]},"23":{"line":220,"type":"if","locations":[{"start":{"line":220,"column":12},"end":{"line":220,"column":12}},{"start":{"line":220,"column":12},"end":{"line":220,"column":12}}]},"24":{"line":222,"type":"if","locations":[{"start":{"line":222,"column":12},"end":{"line":222,"column":12}},{"start":{"line":222,"column":12},"end":{"line":222,"column":12}}]},"25":{"line":276,"type":"if","locations":[{"start":{"line":276,"column":8},"end":{"line":276,"column":8}},{"start":{"line":276,"column":8},"end":{"line":276,"column":8}}]},"26":{"line":327,"type":"if","locations":[{"start":{"line":327,"column":8},"end":{"line":327,"column":8}},{"start":{"line":327,"column":8},"end":{"line":327,"column":8}}]},"27":{"line":340,"type":"if","locations":[{"start":{"line":340,"column":8},"end":{"line":340,"column":8}},{"start":{"line":340,"column":8},"end":{"line":340,"column":8}}]},"28":{"line":347,"type":"if","locations":[{"start":{"line":347,"column":12},"end":{"line":347,"column":12}},{"start":{"line":347,"column":12},"end":{"line":347,"column":12}}]},"29":{"line":350,"type":"if","locations":[{"start":{"line":350,"column":16},"end":{"line":350,"column":16}},{"start":{"line":350,"column":16},"end":{"line":350,"column":16}}]},"30":{"line":439,"type":"if","locations":[{"start":{"line":439,"column":8},"end":{"line":439,"column":8}},{"start":{"line":439,"column":8},"end":{"line":439,"column":8}}]},"31":{"line":458,"type":"if","locations":[{"start":{"line":458,"column":8},"end":{"line":458,"column":8}},{"start":{"line":458,"column":8},"end":{"line":458,"column":8}}]},"32":{"line":463,"type":"if","locations":[{"start":{"line":463,"column":8},"end":{"line":463,"column":8}},{"start":{"line":463,"column":8},"end":{"line":463,"column":8}}]},"33":{"line":464,"type":"if","locations":[{"start":{"line":464,"column":8},"end":{"line":464,"column":8}},{"start":{"line":464,"column":8},"end":{"line":464,"column":8}}]}}}}
