{
"contracts/interfaces/ISuperAuction.sol":{"l":{},"path":"/Users/logic/eth/SuperAuction/contracts/interfaces/ISuperAuction.sol","s":{},"b":{},"f":{},"fnMap":{},"statementMap":{},"branchMap":{}},
"contracts/SuperAuction.sol":{"l":{"67":32,"68":30,"69":28,"70":26,"71":24,"72":22,"74":20,"75":20,"76":20,"77":20,"78":20,"79":20,"80":20,"82":20,"86":20,"99":23,"100":22,"101":22,"109":55,"110":46,"113":13,"114":13,"139":130,"144":128,"145":126,"146":126,"147":126,"148":72,"149":72,"151":126,"152":126,"153":126,"174":20,"175":20,"176":20,"182":20,"183":20,"185":20,"186":11,"187":11,"188":9,"189":9,"190":9,"191":9,"192":9,"193":9,"195":18,"196":18,"197":18,"217":33,"218":33,"219":33,"220":18,"221":15,"222":15,"223":3,"224":3,"225":3,"226":3,"227":6,"228":6,"229":3,"230":3,"231":3,"232":3,"234":3,"238":12,"239":12,"241":3,"243":15,"245":15,"246":9,"247":9,"249":6,"250":6,"251":6,"269":316,"293":111,"294":39,"295":39,"297":72,"298":72,"299":72,"316":111,"317":111,"318":111,"326":9,"327":9,"328":9,"329":9,"349":4,"350":2,"351":2,"352":2,"353":2,"356":2,"362":3,"363":2,"386":81,"413":24,"414":24,"447":130,"448":130,"449":130,"466":22,"467":22,"468":22,"484":22,"485":22,"486":22,"502":33,"503":33,"504":33,"505":33,"521":33,"522":33,"523":33,"524":33,"525":33,"530":88,"534":88,"540":287,"541":283,"545":242,"546":242,"550":22,"551":22,"552":22},"path":"/Users/logic/eth/SuperAuction/contracts/SuperAuction.sol","s":{"1":32,"2":30,"3":28,"4":26,"5":24,"6":22,"7":20,"8":20,"9":20,"10":20,"11":20,"12":20,"13":20,"14":20,"15":20,"16":23,"17":22,"18":22,"19":55,"20":46,"21":13,"22":13,"23":130,"24":128,"25":126,"26":126,"27":126,"28":72,"29":72,"30":126,"31":126,"32":126,"33":20,"34":20,"35":20,"36":20,"37":20,"38":20,"39":11,"40":11,"41":9,"42":9,"43":9,"44":9,"45":9,"46":9,"47":18,"48":18,"49":18,"50":33,"51":33,"52":33,"53":18,"54":15,"55":15,"56":3,"57":3,"58":3,"59":6,"60":6,"61":3,"62":3,"63":3,"64":3,"65":3,"66":3,"67":15,"68":15,"69":9,"70":9,"71":6,"72":6,"73":316,"74":111,"75":39,"76":39,"77":72,"78":72,"79":72,"80":111,"81":111,"82":111,"83":9,"84":9,"85":9,"86":9,"87":4,"88":2,"89":2,"90":2,"91":2,"92":3,"93":2,"94":81,"95":24,"96":24,"97":130,"98":130,"99":130,"100":22,"101":22,"102":22,"103":22,"104":22,"105":22,"106":33,"107":33,"108":33,"109":33,"110":33,"111":33,"112":33,"113":33,"114":33,"115":88,"116":88,"117":287,"118":242,"119":22,"120":22},"b":{"1":[30,2],"2":[28,2],"3":[26,2],"4":[24,2],"5":[22,2],"6":[20,2],"7":[22,1],"8":[46,9],"9":[13,33],"10":[128,2],"11":[126,2],"12":[72,54],"13":[20,0],"14":[11,9],"15":[9,2],"16":[18,15],"17":[15,3],"18":[3,12],"19":[3,3],"20":[9,6],"21":[39,72],"22":[9,0],"23":[2,2],"24":[2,1],"25":[33,0],"26":[33,0],"27":[283,4],"28":[242,0],"29":[22,0],"30":[22,0]},"f":{"1":32,"2":23,"3":55,"4":130,"5":20,"6":33,"7":316,"8":111,"9":111,"10":9,"11":6,"12":4,"13":3,"14":81,"15":24,"16":130,"17":22,"18":22,"19":33,"20":33,"21":88,"22":88,"23":287,"24":242,"25":22},"fnMap":{"1":{"name":"constructor","line":58,"loc":{"start":{"line":58,"column":4},"end":{"line":87,"column":4}}},"2":{"name":"finishAuction","line":98,"loc":{"start":{"line":98,"column":4},"end":{"line":103,"column":4}}},"3":{"name":"_endAuction","line":108,"loc":{"start":{"line":108,"column":4},"end":{"line":117,"column":4}}},"4":{"name":"_newPlayer","line":136,"loc":{"start":{"line":130,"column":4},"end":{"line":154,"column":4}}},"5":{"name":"_updatePlayer","line":171,"loc":{"start":{"line":164,"column":4},"end":{"line":198,"column":4}}},"6":{"name":"_dropPlayer","line":208,"loc":{"start":{"line":208,"column":4},"end":{"line":254,"column":4}}},"7":{"name":"_getFlowInfo","line":262,"loc":{"start":{"line":262,"column":4},"end":{"line":270,"column":4}}},"8":{"name":"getSettleInfo","line":281,"loc":{"start":{"line":281,"column":4},"end":{"line":301,"column":4}}},"9":{"name":"_settleAccount","line":309,"loc":{"start":{"line":309,"column":4},"end":{"line":319,"column":4}}},"10":{"name":"_withdrawNonWinnerPlayer","line":325,"loc":{"start":{"line":325,"column":4},"end":{"line":331,"column":4}}},"11":{"name":"_withdrawWinner","line":337,"loc":{"start":{"line":337,"column":4},"end":{"line":343,"column":4}}},"12":{"name":"withdraw","line":348,"loc":{"start":{"line":348,"column":4},"end":{"line":357,"column":4}}},"13":{"name":"stopAuction","line":361,"loc":{"start":{"line":361,"column":4},"end":{"line":365,"column":4}}},"14":{"name":"_startStream","line":378,"loc":{"start":{"line":378,"column":4},"end":{"line":398,"column":4}}},"15":{"name":"_endStream","line":406,"loc":{"start":{"line":406,"column":4},"end":{"line":426,"column":4}}},"16":{"name":"afterAgreementCreated","line":444,"loc":{"start":{"line":433,"column":4},"end":{"line":450,"column":4}}},"17":{"name":"beforeAgreementUpdated","line":463,"loc":{"start":{"line":452,"column":4},"end":{"line":469,"column":4}}},"18":{"name":"afterAgreementUpdated","line":481,"loc":{"start":{"line":471,"column":4},"end":{"line":487,"column":4}}},"19":{"name":"beforeAgreementTerminated","line":499,"loc":{"start":{"line":489,"column":4},"end":{"line":507,"column":4}}},"20":{"name":"afterAgreementTerminated","line":519,"loc":{"start":{"line":509,"column":5},"end":{"line":527,"column":4}}},"21":{"name":"_isSameToken","line":529,"loc":{"start":{"line":529,"column":4},"end":{"line":531,"column":4}}},"22":{"name":"_isCFAv1","line":533,"loc":{"start":{"line":533,"column":4},"end":{"line":536,"column":4}}},"23":{"name":"isRunning","line":539,"loc":{"start":{"line":539,"column":4},"end":{"line":542,"column":4}}},"24":{"name":"onlyHost","line":544,"loc":{"start":{"line":544,"column":4},"end":{"line":547,"column":4}}},"25":{"name":"onlyExpected","line":549,"loc":{"start":{"line":549,"column":4},"end":{"line":553,"column":4}}}},"statementMap":{"1":{"start":{"line":67,"column":8},"end":{"line":67,"column":69}},"2":{"start":{"line":68,"column":8},"end":{"line":68,"column":67}},"3":{"start":{"line":69,"column":8},"end":{"line":69,"column":81}},"4":{"start":{"line":70,"column":8},"end":{"line":70,"column":67}},"5":{"start":{"line":71,"column":8},"end":{"line":71,"column":71}},"6":{"start":{"line":72,"column":8},"end":{"line":72,"column":74}},"7":{"start":{"line":74,"column":8},"end":{"line":74,"column":19}},"8":{"start":{"line":75,"column":8},"end":{"line":75,"column":17}},"9":{"start":{"line":76,"column":8},"end":{"line":76,"column":24}},"10":{"start":{"line":77,"column":8},"end":{"line":77,"column":25}},"11":{"start":{"line":78,"column":8},"end":{"line":78,"column":31}},"12":{"start":{"line":79,"column":8},"end":{"line":79,"column":30}},"13":{"start":{"line":80,"column":8},"end":{"line":80,"column":27}},"14":{"start":{"line":82,"column":8},"end":{"line":82,"column":2714}},"15":{"start":{"line":86,"column":8},"end":{"line":86,"column":36}},"16":{"start":{"line":99,"column":8},"end":{"line":99,"column":3143}},"17":{"start":{"line":100,"column":12},"end":{"line":100,"column":56}},"18":{"start":{"line":101,"column":12},"end":{"line":101,"column":33}},"19":{"start":{"line":109,"column":8},"end":{"line":109,"column":3444}},"20":{"start":{"line":110,"column":12},"end":{"line":110,"column":3476}},"21":{"start":{"line":113,"column":16},"end":{"line":113,"column":30}},"22":{"start":{"line":114,"column":16},"end":{"line":114,"column":36}},"23":{"start":{"line":139,"column":8},"end":{"line":139,"column":4353}},"24":{"start":{"line":144,"column":8},"end":{"line":144,"column":82}},"25":{"start":{"line":145,"column":8},"end":{"line":145,"column":19}},"26":{"start":{"line":146,"column":8},"end":{"line":146,"column":44}},"27":{"start":{"line":147,"column":8},"end":{"line":147,"column":4734}},"28":{"start":{"line":148,"column":12},"end":{"line":148,"column":39}},"29":{"start":{"line":149,"column":12},"end":{"line":149,"column":61}},"30":{"start":{"line":151,"column":8},"end":{"line":151,"column":23}},"31":{"start":{"line":152,"column":8},"end":{"line":152,"column":32}},"32":{"start":{"line":153,"column":8},"end":{"line":153,"column":40}},"33":{"start":{"line":174,"column":8},"end":{"line":174,"column":19}},"34":{"start":{"line":175,"column":8},"end":{"line":175,"column":50}},"35":{"start":{"line":176,"column":8},"end":{"line":176,"column":5633}},"36":{"start":{"line":182,"column":8},"end":{"line":182,"column":19}},"37":{"start":{"line":183,"column":8},"end":{"line":183,"column":34}},"38":{"start":{"line":185,"column":8},"end":{"line":185,"column":5920}},"39":{"start":{"line":186,"column":12},"end":{"line":186,"column":90}},"40":{"start":{"line":187,"column":12},"end":{"line":187,"column":104}},"41":{"start":{"line":188,"column":12},"end":{"line":188,"column":78}},"42":{"start":{"line":189,"column":12},"end":{"line":189,"column":64}},"43":{"start":{"line":190,"column":12},"end":{"line":190,"column":47}},"44":{"start":{"line":191,"column":12},"end":{"line":191,"column":64}},"45":{"start":{"line":192,"column":12},"end":{"line":192,"column":51}},"46":{"start":{"line":193,"column":12},"end":{"line":193,"column":27}},"47":{"start":{"line":195,"column":8},"end":{"line":195,"column":59}},"48":{"start":{"line":196,"column":8},"end":{"line":196,"column":32}},"49":{"start":{"line":197,"column":8},"end":{"line":197,"column":22}},"50":{"start":{"line":217,"column":8},"end":{"line":217,"column":19}},"51":{"start":{"line":218,"column":8},"end":{"line":218,"column":32}},"52":{"start":{"line":219,"column":8},"end":{"line":219,"column":7240}},"53":{"start":{"line":220,"column":12},"end":{"line":220,"column":7272}},"54":{"start":{"line":221,"column":16},"end":{"line":221,"column":65}},"55":{"start":{"line":222,"column":16},"end":{"line":222,"column":7384}},"56":{"start":{"line":223,"column":20},"end":{"line":223,"column":62}},"57":{"start":{"line":225,"column":20},"end":{"line":225,"column":34}},"58":{"start":{"line":226,"column":20},"end":{"line":226,"column":7612}},"59":{"start":{"line":227,"column":24},"end":{"line":227,"column":56}},"60":{"start":{"line":228,"column":24},"end":{"line":228,"column":7727}},"61":{"start":{"line":229,"column":28},"end":{"line":229,"column":52}},"62":{"start":{"line":230,"column":28},"end":{"line":230,"column":40}},"63":{"start":{"line":231,"column":28},"end":{"line":231,"column":60}},"64":{"start":{"line":232,"column":28},"end":{"line":232,"column":56}},"65":{"start":{"line":234,"column":24},"end":{"line":234,"column":55}},"66":{"start":{"line":241,"column":16},"end":{"line":241,"column":48}},"67":{"start":{"line":243,"column":12},"end":{"line":243,"column":36}},"68":{"start":{"line":245,"column":12},"end":{"line":245,"column":8351}},"69":{"start":{"line":246,"column":16},"end":{"line":246,"column":48}},"70":{"start":{"line":247,"column":16},"end":{"line":247,"column":48}},"71":{"start":{"line":249,"column":16},"end":{"line":249,"column":65}},"72":{"start":{"line":250,"column":16},"end":{"line":250,"column":39}},"73":{"start":{"line":269,"column":8},"end":{"line":269,"column":83}},"74":{"start":{"line":293,"column":8},"end":{"line":293,"column":9720}},"75":{"start":{"line":294,"column":12},"end":{"line":294,"column":64}},"76":{"start":{"line":295,"column":12},"end":{"line":295,"column":68}},"77":{"start":{"line":297,"column":12},"end":{"line":297,"column":71}},"78":{"start":{"line":298,"column":12},"end":{"line":298,"column":61}},"79":{"start":{"line":299,"column":12},"end":{"line":299,"column":65}},"80":{"start":{"line":316,"column":10},"end":{"line":316,"column":108}},"81":{"start":{"line":317,"column":10},"end":{"line":317,"column":97}},"82":{"start":{"line":318,"column":10},"end":{"line":318,"column":97}},"83":{"start":{"line":326,"column":8},"end":{"line":326,"column":65}},"84":{"start":{"line":327,"column":8},"end":{"line":327,"column":47}},"85":{"start":{"line":328,"column":8},"end":{"line":328,"column":11152}},"86":{"start":{"line":329,"column":12},"end":{"line":329,"column":74}},"87":{"start":{"line":349,"column":8},"end":{"line":349,"column":50}},"88":{"start":{"line":350,"column":8},"end":{"line":350,"column":66}},"89":{"start":{"line":351,"column":8},"end":{"line":351,"column":67}},"90":{"start":{"line":353,"column":8},"end":{"line":353,"column":12092}},"91":{"start":{"line":356,"column":8},"end":{"line":356,"column":72}},"92":{"start":{"line":362,"column":8},"end":{"line":362,"column":12435}},"93":{"start":{"line":363,"column":12},"end":{"line":363,"column":26}},"94":{"start":{"line":386,"column":8},"end":{"line":386,"column":13155}},"95":{"start":{"line":413,"column":8},"end":{"line":413,"column":19}},"96":{"start":{"line":414,"column":8},"end":{"line":414,"column":13890}},"97":{"start":{"line":447,"column":8},"end":{"line":447,"column":56}},"98":{"start":{"line":448,"column":8},"end":{"line":448,"column":50}},"99":{"start":{"line":449,"column":8},"end":{"line":449,"column":49}},"100":{"start":{"line":466,"column":8},"end":{"line":466,"column":56}},"101":{"start":{"line":467,"column":8},"end":{"line":467,"column":67}},"102":{"start":{"line":468,"column":8},"end":{"line":468,"column":47}},"103":{"start":{"line":484,"column":8},"end":{"line":484,"column":56}},"104":{"start":{"line":485,"column":8},"end":{"line":485,"column":88}},"105":{"start":{"line":486,"column":8},"end":{"line":486,"column":69}},"106":{"start":{"line":502,"column":8},"end":{"line":502,"column":16421}},"107":{"start":{"line":503,"column":12},"end":{"line":503,"column":60}},"108":{"start":{"line":504,"column":12},"end":{"line":504,"column":71}},"109":{"start":{"line":505,"column":12},"end":{"line":505,"column":51}},"110":{"start":{"line":521,"column":8},"end":{"line":521,"column":19}},"111":{"start":{"line":522,"column":8},"end":{"line":522,"column":17034}},"112":{"start":{"line":523,"column":12},"end":{"line":523,"column":60}},"113":{"start":{"line":524,"column":12},"end":{"line":524,"column":86}},"114":{"start":{"line":525,"column":12},"end":{"line":525,"column":66}},"115":{"start":{"line":530,"column":8},"end":{"line":530,"column":58}},"116":{"start":{"line":534,"column":8},"end":{"line":534,"column":17634}},"117":{"start":{"line":540,"column":8},"end":{"line":540,"column":49}},"118":{"start":{"line":545,"column":8},"end":{"line":545,"column":78}},"119":{"start":{"line":550,"column":8},"end":{"line":550,"column":71}},"120":{"start":{"line":551,"column":8},"end":{"line":551,"column":73}}},"branchMap":{"1":{"line":67,"type":"if","locations":[{"start":{"line":67,"column":8},"end":{"line":67,"column":8}},{"start":{"line":67,"column":8},"end":{"line":67,"column":8}}]},"2":{"line":68,"type":"if","locations":[{"start":{"line":68,"column":8},"end":{"line":68,"column":8}},{"start":{"line":68,"column":8},"end":{"line":68,"column":8}}]},"3":{"line":69,"type":"if","locations":[{"start":{"line":69,"column":8},"end":{"line":69,"column":8}},{"start":{"line":69,"column":8},"end":{"line":69,"column":8}}]},"4":{"line":70,"type":"if","locations":[{"start":{"line":70,"column":8},"end":{"line":70,"column":8}},{"start":{"line":70,"column":8},"end":{"line":70,"column":8}}]},"5":{"line":71,"type":"if","locations":[{"start":{"line":71,"column":8},"end":{"line":71,"column":8}},{"start":{"line":71,"column":8},"end":{"line":71,"column":8}}]},"6":{"line":72,"type":"if","locations":[{"start":{"line":72,"column":8},"end":{"line":72,"column":8}},{"start":{"line":72,"column":8},"end":{"line":72,"column":8}}]},"7":{"line":99,"type":"if","locations":[{"start":{"line":99,"column":8},"end":{"line":99,"column":8}},{"start":{"line":99,"column":8},"end":{"line":99,"column":8}}]},"8":{"line":109,"type":"if","locations":[{"start":{"line":109,"column":8},"end":{"line":109,"column":8}},{"start":{"line":109,"column":8},"end":{"line":109,"column":8}}]},"9":{"line":110,"type":"if","locations":[{"start":{"line":110,"column":12},"end":{"line":110,"column":12}},{"start":{"line":110,"column":12},"end":{"line":110,"column":12}}]},"10":{"line":139,"type":"if","locations":[{"start":{"line":139,"column":8},"end":{"line":139,"column":8}},{"start":{"line":139,"column":8},"end":{"line":139,"column":8}}]},"11":{"line":144,"type":"if","locations":[{"start":{"line":144,"column":8},"end":{"line":144,"column":8}},{"start":{"line":144,"column":8},"end":{"line":144,"column":8}}]},"12":{"line":147,"type":"if","locations":[{"start":{"line":147,"column":8},"end":{"line":147,"column":8}},{"start":{"line":147,"column":8},"end":{"line":147,"column":8}}]},"13":{"line":176,"type":"if","locations":[{"start":{"line":176,"column":8},"end":{"line":176,"column":8}},{"start":{"line":176,"column":8},"end":{"line":176,"column":8}}]},"14":{"line":185,"type":"if","locations":[{"start":{"line":185,"column":8},"end":{"line":185,"column":8}},{"start":{"line":185,"column":8},"end":{"line":185,"column":8}}]},"15":{"line":187,"type":"if","locations":[{"start":{"line":187,"column":12},"end":{"line":187,"column":12}},{"start":{"line":187,"column":12},"end":{"line":187,"column":12}}]},"16":{"line":219,"type":"if","locations":[{"start":{"line":219,"column":8},"end":{"line":219,"column":8}},{"start":{"line":219,"column":8},"end":{"line":219,"column":8}}]},"17":{"line":220,"type":"if","locations":[{"start":{"line":220,"column":12},"end":{"line":220,"column":12}},{"start":{"line":220,"column":12},"end":{"line":220,"column":12}}]},"18":{"line":222,"type":"if","locations":[{"start":{"line":222,"column":16},"end":{"line":222,"column":16}},{"start":{"line":222,"column":16},"end":{"line":222,"column":16}}]},"19":{"line":228,"type":"if","locations":[{"start":{"line":228,"column":24},"end":{"line":228,"column":24}},{"start":{"line":228,"column":24},"end":{"line":228,"column":24}}]},"20":{"line":245,"type":"if","locations":[{"start":{"line":245,"column":12},"end":{"line":245,"column":12}},{"start":{"line":245,"column":12},"end":{"line":245,"column":12}}]},"21":{"line":293,"type":"if","locations":[{"start":{"line":293,"column":8},"end":{"line":293,"column":8}},{"start":{"line":293,"column":8},"end":{"line":293,"column":8}}]},"22":{"line":328,"type":"if","locations":[{"start":{"line":328,"column":8},"end":{"line":328,"column":8}},{"start":{"line":328,"column":8},"end":{"line":328,"column":8}}]},"23":{"line":349,"type":"if","locations":[{"start":{"line":349,"column":8},"end":{"line":349,"column":8}},{"start":{"line":349,"column":8},"end":{"line":349,"column":8}}]},"24":{"line":362,"type":"if","locations":[{"start":{"line":362,"column":8},"end":{"line":362,"column":8}},{"start":{"line":362,"column":8},"end":{"line":362,"column":8}}]},"25":{"line":502,"type":"if","locations":[{"start":{"line":502,"column":8},"end":{"line":502,"column":8}},{"start":{"line":502,"column":8},"end":{"line":502,"column":8}}]},"26":{"line":522,"type":"if","locations":[{"start":{"line":522,"column":8},"end":{"line":522,"column":8}},{"start":{"line":522,"column":8},"end":{"line":522,"column":8}}]},"27":{"line":540,"type":"if","locations":[{"start":{"line":540,"column":8},"end":{"line":540,"column":8}},{"start":{"line":540,"column":8},"end":{"line":540,"column":8}}]},"28":{"line":545,"type":"if","locations":[{"start":{"line":545,"column":8},"end":{"line":545,"column":8}},{"start":{"line":545,"column":8},"end":{"line":545,"column":8}}]},"29":{"line":550,"type":"if","locations":[{"start":{"line":550,"column":8},"end":{"line":550,"column":8}},{"start":{"line":550,"column":8},"end":{"line":550,"column":8}}]},"30":{"line":551,"type":"if","locations":[{"start":{"line":551,"column":8},"end":{"line":551,"column":8}},{"start":{"line":551,"column":8},"end":{"line":551,"column":8}}]}}},
"contracts/SuperAuctionViewer.sol":{"l":{"36":87,"37":87,"39":87,"40":19,"42":68,"43":68,"44":68,"45":68,"46":261,"47":193,"48":193,"49":193,"50":68,"52":125,"58":193,"59":193,"64":193,"65":193,"66":193,"67":193,"68":193,"69":68,"70":68,"71":68,"73":193,"74":3,"76":190,"78":193,"91":193},"path":"/Users/logic/eth/SuperAuction/contracts/SuperAuctionViewer.sol","s":{"1":87,"2":87,"3":87,"4":19,"5":68,"6":68,"7":68,"8":68,"9":261,"10":193,"11":193,"12":68,"13":125,"14":193,"15":193,"16":193,"17":193,"18":193,"19":193,"20":193,"21":68,"22":68,"23":68,"24":193,"25":3,"26":190,"27":193,"28":193},"b":{"1":[19,68],"2":[193,68],"3":[68,125],"4":[68,125],"5":[3,190]},"f":{"1":87,"2":193,"3":193},"fnMap":{"1":{"name":"getBiddersAddresses","line":26,"loc":{"start":{"line":26,"column":4},"end":{"line":55,"column":4}}},"2":{"name":"_getViewBidder","line":57,"loc":{"start":{"line":57,"column":4},"end":{"line":79,"column":4}}},"3":{"name":"_getFlowInfo","line":81,"loc":{"start":{"line":81,"column":4},"end":{"line":92,"column":4}}}},"statementMap":{"1":{"start":{"line":36,"column":8},"end":{"line":36,"column":61}},"2":{"start":{"line":37,"column":8},"end":{"line":37,"column":41}},"3":{"start":{"line":39,"column":8},"end":{"line":39,"column":966}},"4":{"start":{"line":40,"column":12},"end":{"line":40,"column":22}},"5":{"start":{"line":42,"column":8},"end":{"line":42,"column":32}},"6":{"start":{"line":43,"column":8},"end":{"line":43,"column":17}},"7":{"start":{"line":44,"column":8},"end":{"line":44,"column":54}},"8":{"start":{"line":45,"column":8},"end":{"line":45,"column":1145}},"9":{"start":{"line":46,"column":12},"end":{"line":46,"column":1198}},"10":{"start":{"line":48,"column":16},"end":{"line":48,"column":55}},"11":{"start":{"line":49,"column":16},"end":{"line":49,"column":1330}},"12":{"start":{"line":50,"column":20},"end":{"line":50,"column":30}},"13":{"start":{"line":52,"column":16},"end":{"line":52,"column":63}},"14":{"start":{"line":58,"column":8},"end":{"line":58,"column":61}},"15":{"start":{"line":59,"column":8},"end":{"line":59,"column":1712}},"16":{"start":{"line":64,"column":8},"end":{"line":64,"column":25}},"17":{"start":{"line":65,"column":8},"end":{"line":65,"column":107}},"18":{"start":{"line":66,"column":8},"end":{"line":66,"column":38}},"19":{"start":{"line":67,"column":8},"end":{"line":67,"column":42}},"20":{"start":{"line":68,"column":8},"end":{"line":68,"column":2086}},"21":{"start":{"line":69,"column":10},"end":{"line":69,"column":62}},"22":{"start":{"line":70,"column":10},"end":{"line":70,"column":73}},"23":{"start":{"line":71,"column":10},"end":{"line":71,"column":46}},"24":{"start":{"line":73,"column":8},"end":{"line":73,"column":2326}},"25":{"start":{"line":74,"column":12},"end":{"line":74,"column":24}},"26":{"start":{"line":76,"column":12},"end":{"line":76,"column":53}},"27":{"start":{"line":78,"column":8},"end":{"line":78,"column":91}},"28":{"start":{"line":91,"column":8},"end":{"line":91,"column":84}}},"branchMap":{"1":{"line":39,"type":"if","locations":[{"start":{"line":39,"column":8},"end":{"line":39,"column":8}},{"start":{"line":39,"column":8},"end":{"line":39,"column":8}}]},"2":{"line":46,"type":"if","locations":[{"start":{"line":46,"column":12},"end":{"line":46,"column":12}},{"start":{"line":46,"column":12},"end":{"line":46,"column":12}}]},"3":{"line":49,"type":"if","locations":[{"start":{"line":49,"column":16},"end":{"line":49,"column":16}},{"start":{"line":49,"column":16},"end":{"line":49,"column":16}}]},"4":{"line":68,"type":"if","locations":[{"start":{"line":68,"column":8},"end":{"line":68,"column":8}},{"start":{"line":68,"column":8},"end":{"line":68,"column":8}}]},"5":{"line":73,"type":"if","locations":[{"start":{"line":73,"column":8},"end":{"line":73,"column":8}},{"start":{"line":73,"column":8},"end":{"line":73,"column":8}}]}}}}
