TN:
SF:/Users/logic/eth/SuperAuction/contracts/SuperAuction.sol
FN:55,constructor
FN:79,finishAuction
FN:83,_endAuction
FN:90,_isPlayer
FN:94,withdraw
FN:105,forceStopStream
FN:111,withdrawSettleBalance
FN:117,_withdrawSettleBalance
FN:123,transfer
FN:130,_newPlayer
FN:150,_dropPlayer
FN:201,_updatePlayer
FN:237,_startStream
FN:252,_updateStream
FN:275,_endStream
FN:305,_getFlowInfo
FN:315,getSettleInfo
FN:338,getBiddersAddresses
FN:359,_getViewBidder
FN:381,afterAgreementCreated
FN:401,beforeAgreementUpdated
FN:419,afterAgreementUpdated
FN:437,afterAgreementTerminated
FN:447,_isSameToken
FN:451,_isCFAv1
FN:457,onlyHost
FN:462,onlyExpected
FNF:27
FNH:17
FNDA:3,constructor
FNDA:0,finishAuction
FNDA:0,_endAuction
FNDA:36,_isPlayer
FNDA:0,withdraw
FNDA:0,forceStopStream
FNDA:0,withdrawSettleBalance
FNDA:0,_withdrawSettleBalance
FNDA:0,transfer
FNDA:29,_newPlayer
FNDA:0,_dropPlayer
FNDA:9,_updatePlayer
FNDA:27,_startStream
FNDA:0,_updateStream
FNDA:9,_endStream
FNDA:174,_getFlowInfo
FNDA:9,getSettleInfo
FNDA:32,getBiddersAddresses
FNDA:118,_getViewBidder
FNDA:29,afterAgreementCreated
FNDA:9,beforeAgreementUpdated
FNDA:9,afterAgreementUpdated
FNDA:0,afterAgreementTerminated
FNDA:9,_isSameToken
FNDA:9,_isCFAv1
FNDA:47,onlyHost
FNDA:9,onlyExpected
DA:61,3
DA:62,3
DA:63,3
DA:64,3
DA:66,3
DA:67,3
DA:68,3
DA:69,3
DA:71,3
DA:76,3
DA:80,0
DA:84,0
DA:85,0
DA:91,36
DA:95,0
DA:96,0
DA:97,0
DA:98,0
DA:99,0
DA:100,0
DA:101,0
DA:102,0
DA:106,0
DA:107,0
DA:108,0
DA:112,0
DA:113,0
DA:114,0
DA:118,0
DA:119,0
DA:120,0
DA:124,0
DA:125,0
DA:131,29
DA:132,27
DA:134,27
DA:135,27
DA:136,9
DA:138,18
DA:139,18
DA:142,27
DA:143,27
DA:151,0
DA:152,0
DA:153,0
DA:156,0
DA:158,0
DA:159,0
DA:160,0
DA:162,0
DA:163,0
DA:164,0
DA:180,0
DA:181,0
DA:184,0
DA:189,0
DA:190,0
DA:191,0
DA:193,0
DA:194,0
DA:195,0
DA:210,9
DA:211,9
DA:212,9
DA:213,9
DA:215,9
DA:216,9
DA:217,9
DA:219,9
DA:220,9
DA:221,9
DA:222,9
DA:223,9
DA:224,9
DA:225,9
DA:226,9
DA:227,9
DA:228,9
DA:231,9
DA:232,9
DA:233,9
DA:238,27
DA:260,0
DA:276,9
DA:277,9
DA:290,0
DA:312,174
DA:327,9
DA:328,9
DA:329,9
DA:331,0
DA:332,0
DA:333,0
DA:340,32
DA:341,0
DA:343,32
DA:344,32
DA:345,32
DA:346,32
DA:347,150
DA:348,118
DA:349,118
DA:350,118
DA:351,32
DA:353,86
DA:360,118
DA:361,118
DA:362,118
DA:363,118
DA:384,29
DA:385,29
DA:386,29
DA:404,9
DA:405,9
DA:406,9
DA:422,9
DA:423,9
DA:424,9
DA:439,0
DA:440,0
DA:441,0
DA:444,0
DA:448,9
DA:452,9
DA:458,47
DA:459,47
DA:463,9
DA:464,9
DA:465,9
LF:129
LH:78
BRDA:61,1,0,3
BRDA:61,1,1,0
BRDA:62,2,0,3
BRDA:62,2,1,0
BRDA:63,3,0,3
BRDA:63,3,1,0
BRDA:64,4,0,3
BRDA:64,4,1,0
BRDA:84,5,0,0
BRDA:84,5,1,0
BRDA:95,6,0,0
BRDA:95,6,1,0
BRDA:97,7,0,0
BRDA:97,7,1,0
BRDA:107,8,0,0
BRDA:107,8,1,0
BRDA:112,9,0,0
BRDA:112,9,1,0
BRDA:113,10,0,0
BRDA:113,10,1,0
BRDA:124,11,0,0
BRDA:124,11,1,0
BRDA:131,12,0,27
BRDA:131,12,1,2
BRDA:132,13,0,27
BRDA:132,13,1,0
BRDA:135,14,0,9
BRDA:135,14,1,18
BRDA:153,15,0,0
BRDA:153,15,1,0
BRDA:156,16,0,0
BRDA:156,16,1,0
BRDA:158,17,0,0
BRDA:158,17,1,0
BRDA:189,18,0,0
BRDA:189,18,1,0
BRDA:210,19,0,9
BRDA:210,19,1,0
BRDA:211,20,0,9
BRDA:211,20,1,0
BRDA:213,21,0,9
BRDA:213,21,1,0
BRDA:219,22,0,9
BRDA:219,22,1,0
BRDA:220,23,0,9
BRDA:220,23,1,0
BRDA:222,24,0,9
BRDA:222,24,1,0
BRDA:276,25,0,9
BRDA:276,25,1,0
BRDA:327,26,0,9
BRDA:327,26,1,0
BRDA:340,27,0,0
BRDA:340,27,1,32
BRDA:347,28,0,118
BRDA:347,28,1,32
BRDA:350,29,0,32
BRDA:350,29,1,86
BRDA:439,30,0,0
BRDA:439,30,1,0
BRDA:458,31,0,47
BRDA:458,31,1,0
BRDA:463,32,0,9
BRDA:463,32,1,0
BRDA:464,33,0,9
BRDA:464,33,1,0
BRF:66
BRH:25
end_of_record
