TN:
SF:/Users/logic/eth/SuperAuction/contracts/interfaces/ISuperAuction.sol
FNF:0
FNH:0
LF:0
LH:0
BRF:0
BRH:0
end_of_record
TN:
SF:/Users/logic/eth/SuperAuction/contracts/SuperAuction.sol
FN:58,constructor
FN:98,finishAuction
FN:108,_endAuction
FN:136,_newPlayer
FN:171,_updatePlayer
FN:208,_dropPlayer
FN:262,_getFlowInfo
FN:281,getSettleInfo
FN:309,_settleAccount
FN:325,_withdrawNonWinnerPlayer
FN:337,_withdrawWinner
FN:348,withdraw
FN:361,stopAuction
FN:378,_startStream
FN:406,_endStream
FN:444,afterAgreementCreated
FN:463,beforeAgreementUpdated
FN:481,afterAgreementUpdated
FN:499,beforeAgreementTerminated
FN:519,afterAgreementTerminated
FN:529,_isSameToken
FN:533,_isCFAv1
FN:539,isRunning
FN:544,onlyHost
FN:549,onlyExpected
FNF:25
FNH:25
FNDA:32,constructor
FNDA:23,finishAuction
FNDA:55,_endAuction
FNDA:130,_newPlayer
FNDA:20,_updatePlayer
FNDA:33,_dropPlayer
FNDA:316,_getFlowInfo
FNDA:111,getSettleInfo
FNDA:111,_settleAccount
FNDA:9,_withdrawNonWinnerPlayer
FNDA:6,_withdrawWinner
FNDA:4,withdraw
FNDA:3,stopAuction
FNDA:81,_startStream
FNDA:24,_endStream
FNDA:130,afterAgreementCreated
FNDA:22,beforeAgreementUpdated
FNDA:22,afterAgreementUpdated
FNDA:33,beforeAgreementTerminated
FNDA:33,afterAgreementTerminated
FNDA:88,_isSameToken
FNDA:88,_isCFAv1
FNDA:287,isRunning
FNDA:242,onlyHost
FNDA:22,onlyExpected
DA:67,32
DA:68,30
DA:69,28
DA:70,26
DA:71,24
DA:72,22
DA:74,20
DA:75,20
DA:76,20
DA:77,20
DA:78,20
DA:79,20
DA:80,20
DA:82,20
DA:86,20
DA:99,23
DA:100,22
DA:101,22
DA:109,55
DA:110,46
DA:113,13
DA:114,13
DA:139,130
DA:144,128
DA:145,126
DA:146,126
DA:147,126
DA:148,72
DA:149,72
DA:151,126
DA:152,126
DA:153,126
DA:174,20
DA:175,20
DA:176,20
DA:182,20
DA:183,20
DA:185,20
DA:186,11
DA:187,11
DA:188,9
DA:189,9
DA:190,9
DA:191,9
DA:192,9
DA:193,9
DA:195,18
DA:196,18
DA:197,18
DA:217,33
DA:218,33
DA:219,33
DA:220,18
DA:221,15
DA:222,15
DA:223,3
DA:224,3
DA:225,3
DA:226,3
DA:227,6
DA:228,6
DA:229,3
DA:230,3
DA:231,3
DA:232,3
DA:234,3
DA:238,12
DA:239,12
DA:241,3
DA:243,15
DA:245,15
DA:246,9
DA:247,9
DA:249,6
DA:250,6
DA:251,6
DA:269,316
DA:293,111
DA:294,39
DA:295,39
DA:297,72
DA:298,72
DA:299,72
DA:316,111
DA:317,111
DA:318,111
DA:326,9
DA:327,9
DA:328,9
DA:329,9
DA:349,4
DA:350,2
DA:351,2
DA:352,2
DA:353,2
DA:356,2
DA:362,3
DA:363,2
DA:386,81
DA:413,24
DA:414,24
DA:447,130
DA:448,130
DA:449,130
DA:466,22
DA:467,22
DA:468,22
DA:484,22
DA:485,22
DA:486,22
DA:502,33
DA:503,33
DA:504,33
DA:505,33
DA:521,33
DA:522,33
DA:523,33
DA:524,33
DA:525,33
DA:530,88
DA:534,88
DA:540,287
DA:541,283
DA:545,242
DA:546,242
DA:550,22
DA:551,22
DA:552,22
LF:128
LH:128
BRDA:67,1,0,30
BRDA:67,1,1,2
BRDA:68,2,0,28
BRDA:68,2,1,2
BRDA:69,3,0,26
BRDA:69,3,1,2
BRDA:70,4,0,24
BRDA:70,4,1,2
BRDA:71,5,0,22
BRDA:71,5,1,2
BRDA:72,6,0,20
BRDA:72,6,1,2
BRDA:99,7,0,22
BRDA:99,7,1,1
BRDA:109,8,0,46
BRDA:109,8,1,9
BRDA:110,9,0,13
BRDA:110,9,1,33
BRDA:139,10,0,128
BRDA:139,10,1,2
BRDA:144,11,0,126
BRDA:144,11,1,2
BRDA:147,12,0,72
BRDA:147,12,1,54
BRDA:176,13,0,20
BRDA:176,13,1,0
BRDA:185,14,0,11
BRDA:185,14,1,9
BRDA:187,15,0,9
BRDA:187,15,1,2
BRDA:219,16,0,18
BRDA:219,16,1,15
BRDA:220,17,0,15
BRDA:220,17,1,3
BRDA:222,18,0,3
BRDA:222,18,1,12
BRDA:228,19,0,3
BRDA:228,19,1,3
BRDA:245,20,0,9
BRDA:245,20,1,6
BRDA:293,21,0,39
BRDA:293,21,1,72
BRDA:328,22,0,9
BRDA:328,22,1,0
BRDA:349,23,0,2
BRDA:349,23,1,2
BRDA:362,24,0,2
BRDA:362,24,1,1
BRDA:502,25,0,33
BRDA:502,25,1,0
BRDA:522,26,0,33
BRDA:522,26,1,0
BRDA:540,27,0,283
BRDA:540,27,1,4
BRDA:545,28,0,242
BRDA:545,28,1,0
BRDA:550,29,0,22
BRDA:550,29,1,0
BRDA:551,30,0,22
BRDA:551,30,1,0
BRF:60
BRH:53
end_of_record
TN:
SF:/Users/logic/eth/SuperAuction/contracts/SuperAuctionViewer.sol
FN:26,getBiddersAddresses
FN:57,_getViewBidder
FN:81,_getFlowInfo
FNF:3
FNH:3
FNDA:87,getBiddersAddresses
FNDA:193,_getViewBidder
FNDA:193,_getFlowInfo
DA:36,87
DA:37,87
DA:39,87
DA:40,19
DA:42,68
DA:43,68
DA:44,68
DA:45,68
DA:46,261
DA:47,193
DA:48,193
DA:49,193
DA:50,68
DA:52,125
DA:58,193
DA:59,193
DA:64,193
DA:65,193
DA:66,193
DA:67,193
DA:68,193
DA:69,68
DA:70,68
DA:71,68
DA:73,193
DA:74,3
DA:76,190
DA:78,193
DA:91,193
LF:29
LH:29
BRDA:39,1,0,19
BRDA:39,1,1,68
BRDA:46,2,0,193
BRDA:46,2,1,68
BRDA:49,3,0,68
BRDA:49,3,1,125
BRDA:68,4,0,68
BRDA:68,4,1,125
BRDA:73,5,0,3
BRDA:73,5,1,190
BRF:10
BRH:10
end_of_record
